0 info it worked if it ends with ok
1 verbose cli [ '/Users/remi/.nvm/versions/node/v4.0.0/bin/node',
1 verbose cli   '/Users/remi/.nvm/versions/node/v4.0.0/bin/npm',
1 verbose cli   'publish' ]
2 info using npm@2.14.2
3 info using node@v4.0.0
4 verbose publish [ '.' ]
5 silly cache add args [ '.', null ]
6 verbose cache add spec .
7 silly cache add parsed spec Result {
7 silly cache add   raw: '.',
7 silly cache add   scope: null,
7 silly cache add   name: null,
7 silly cache add   rawSpec: '.',
7 silly cache add   spec: '/Users/remi/www/ng-flat-datepicker',
7 silly cache add   type: 'directory' }
8 verbose addLocalDirectory /Users/remi/.npm/ng-flat-datepicker/0.1.3/package.tgz not in flight; packing
9 verbose tar pack [ '/Users/remi/.npm/ng-flat-datepicker/0.1.3/package.tgz',
9 verbose tar pack   '/Users/remi/www/ng-flat-datepicker' ]
10 verbose tarball /Users/remi/.npm/ng-flat-datepicker/0.1.3/package.tgz
11 verbose folder /Users/remi/www/ng-flat-datepicker
12 info prepublish ng-flat-datepicker@0.1.3
13 verbose stack TypeError: Path must be a string. Received [ 'dist/ng-flat-datepicker.min.js',
13 verbose stack   'dist/ng-flat-datepicker.min.css' ]
13 verbose stack     at assertPath (path.js:8:11)
13 verbose stack     at Object.posix.resolve (path.js:424:5)
13 verbose stack     at Packer.applyIgnores (/Users/remi/.nvm/versions/node/v4.0.0/lib/node_modules/npm/node_modules/fstream-npm/fstream-npm.js:109:59)
13 verbose stack     at Packer.<anonymous> (/Users/remi/.nvm/versions/node/v4.0.0/lib/node_modules/npm/node_modules/fstream-npm/node_modules/fstream-ignore/ignore.js:181:17)
13 verbose stack     at Array.filter (native)
13 verbose stack     at Packer.IgnoreReader.filterEntries (/Users/remi/.nvm/versions/node/v4.0.0/lib/node_modules/npm/node_modules/fstream-npm/node_modules/fstream-ignore/ignore.js:179:31)
13 verbose stack     at Packer.<anonymous> (/Users/remi/.nvm/versions/node/v4.0.0/lib/node_modules/npm/node_modules/fstream-npm/node_modules/fstream-ignore/ignore.js:92:12)
13 verbose stack     at Packer.<anonymous> (/Users/remi/.nvm/versions/node/v4.0.0/lib/node_modules/npm/node_modules/fstream-npm/node_modules/fstream-ignore/ignore.js:134:5)
13 verbose stack     at /Users/remi/.nvm/versions/node/v4.0.0/lib/node_modules/npm/node_modules/graceful-fs/graceful-fs.js:76:16
13 verbose stack     at FSReqWrap.readFileAfterClose [as oncomplete] (fs.js:380:3)
14 verbose cwd /Users/remi/www/ng-flat-datepicker
15 error Darwin 14.5.0
16 error argv "/Users/remi/.nvm/versions/node/v4.0.0/bin/node" "/Users/remi/.nvm/versions/node/v4.0.0/bin/npm" "publish"
17 error node v4.0.0
18 error npm  v2.14.2
19 error Path must be a string. Received [ 'dist/ng-flat-datepicker.min.js',
19 error   'dist/ng-flat-datepicker.min.css' ]
20 error If you need help, you may report this error at:
20 error     <https://github.com/npm/npm/issues>
21 verbose exit [ 1, true ]
